<?xml version="1.0" encoding="UTF-8"?>
<coverage generated="1737222100885" clover="3.2.0">
  <project timestamp="1737222100885" name="All files">
    <metrics statements="17" coveredstatements="17" conditionals="20" coveredconditionals="8" methods="9" coveredmethods="9" elements="46" coveredelements="34" complexity="0" loc="17" ncloc="17" packages="2" files="10" classes="10"/>
    <package name="server">
      <metrics statements="9" coveredstatements="9" conditionals="20" coveredconditionals="8" methods="1" coveredmethods="1"/>
      <file name="db.js" path="D:\Virtual\Proyectos-Github\nomades\server\db.js">
        <metrics statements="5" coveredstatements="5" conditionals="2" coveredconditionals="1" methods="1" coveredmethods="1"/>
        <line num="5" count="2" type="stmt"/>
        <line num="17" count="16" type="stmt"/>
        <line num="28" count="2" type="stmt"/>
        <line num="31" count="2" type="stmt"/>
        <line num="32" count="2" type="stmt"/>
      </file>
      <file name="envConfig.js" path="D:\Virtual\Proyectos-Github\nomades\server\envConfig.js">
        <metrics statements="4" coveredstatements="4" conditionals="18" coveredconditionals="7" methods="0" coveredmethods="0"/>
        <line num="2" count="2" type="cond" truecount="2" falsecount="4"/>
        <line num="3" count="2" type="stmt"/>
        <line num="6" count="2" type="stmt"/>
        <line num="8" count="2" type="stmt"/>
      </file>
    </package>
    <package name="server.models">
      <metrics statements="8" coveredstatements="8" conditionals="0" coveredconditionals="0" methods="8" coveredmethods="8"/>
      <file name="about.js" path="D:\Virtual\Proyectos-Github\nomades\server\models\about.js">
        <metrics statements="1" coveredstatements="1" conditionals="0" coveredconditionals="0" methods="1" coveredmethods="1"/>
        <line num="4" count="2" type="stmt"/>
      </file>
      <file name="images.js" path="D:\Virtual\Proyectos-Github\nomades\server\models\images.js">
        <metrics statements="1" coveredstatements="1" conditionals="0" coveredconditionals="0" methods="1" coveredmethods="1"/>
        <line num="4" count="2" type="stmt"/>
      </file>
      <file name="item.js" path="D:\Virtual\Proyectos-Github\nomades\server\models\item.js">
        <metrics statements="1" coveredstatements="1" conditionals="0" coveredconditionals="0" methods="1" coveredmethods="1"/>
        <line num="4" count="2" type="stmt"/>
      </file>
      <file name="landing.js" path="D:\Virtual\Proyectos-Github\nomades\server\models\landing.js">
        <metrics statements="1" coveredstatements="1" conditionals="0" coveredconditionals="0" methods="1" coveredmethods="1"/>
        <line num="4" count="2" type="stmt"/>
      </file>
      <file name="media.js" path="D:\Virtual\Proyectos-Github\nomades\server\models\media.js">
        <metrics statements="1" coveredstatements="1" conditionals="0" coveredconditionals="0" methods="1" coveredmethods="1"/>
        <line num="4" count="2" type="stmt"/>
      </file>
      <file name="product.js" path="D:\Virtual\Proyectos-Github\nomades\server\models\product.js">
        <metrics statements="1" coveredstatements="1" conditionals="0" coveredconditionals="0" methods="1" coveredmethods="1"/>
        <line num="4" count="2" type="stmt"/>
      </file>
      <file name="user.js" path="D:\Virtual\Proyectos-Github\nomades\server\models\user.js">
        <metrics statements="1" coveredstatements="1" conditionals="0" coveredconditionals="0" methods="1" coveredmethods="1"/>
        <line num="4" count="2" type="stmt"/>
      </file>
      <file name="work.js" path="D:\Virtual\Proyectos-Github\nomades\server\models\work.js">
        <metrics statements="1" coveredstatements="1" conditionals="0" coveredconditionals="0" methods="1" coveredmethods="1"/>
        <line num="4" count="2" type="stmt"/>
      </file>
    </package>
  </project>
</coverage>
