{"D:\\Virtual\\Proyectos-Github\\nomades\\server\\db.js": {"path":"D:\\Virtual\\Proyectos-Github\\nomades\\server\\db.js","statementMap":{"0":{"start":{"line":5,"column":18},"end":{"line":13,"column":2}},"1":{"start":{"line":17,"column":0},"end":{"line":17,"column":57}},"2":{"start":{"line":17,"column":39},"end":{"line":17,"column":55}},"3":{"start":{"line":28,"column":3},"end":{"line":28,"column":19}},"4":{"start":{"line":31,"column":0},"end":{"line":31,"column":21}},"5":{"start":{"line":32,"column":0},"end":{"line":32,"column":23}}},"fnMap":{"0":{"name":"(anonymous_0)","decl":{"start":{"line":17,"column":30},"end":{"line":17,"column":31}},"loc":{"start":{"line":17,"column":39},"end":{"line":17,"column":55}},"line":17}},"branchMap":{"0":{"loc":{"start":{"line":8,"column":17},"end":{"line":12,"column":10}},"type":"cond-expr","locations":[{"start":{"line":8,"column":35},"end":{"line":12,"column":5}},{"start":{"line":12,"column":8},"end":{"line":12,"column":10}}],"line":8}},"s":{"0":2,"1":2,"2":16,"3":2,"4":2,"5":2},"f":{"0":16},"b":{"0":[0,2]},"_coverageSchema":"1a1c01bbd47fc00a2c39e90264f33305004495a9","hash":"f58e678c0b480bd8c613526ef96dbf5a2696eb49"}
,"D:\\Virtual\\Proyectos-Github\\nomades\\server\\envConfig.js": {"path":"D:\\Virtual\\Proyectos-Github\\nomades\\server\\envConfig.js","statementMap":{"0":{"start":{"line":2,"column":16},"end":{"line":2,"column":180}},"1":{"start":{"line":3,"column":0},"end":{"line":3,"column":31}},"2":{"start":{"line":6,"column":78},"end":{"line":6,"column":89}},"3":{"start":{"line":8,"column":16},"end":{"line":8,"column":76}}},"fnMap":{},"branchMap":{"0":{"loc":{"start":{"line":2,"column":16},"end":{"line":2,"column":180}},"type":"cond-expr","locations":[{"start":{"line":2,"column":54},"end":{"line":2,"column":72}},{"start":{"line":2,"column":75},"end":{"line":2,"column":180}}],"line":2},"1":{"loc":{"start":{"line":2,"column":75},"end":{"line":2,"column":180}},"type":"cond-expr","locations":[{"start":{"line":2,"column":106},"end":{"line":2,"column":117}},{"start":{"line":2,"column":120},"end":{"line":2,"column":180}}],"line":2},"2":{"loc":{"start":{"line":2,"column":120},"end":{"line":2,"column":180}},"type":"cond-expr","locations":[{"start":{"line":2,"column":154},"end":{"line":2,"column":172}},{"start":{"line":2,"column":174},"end":{"line":2,"column":180}}],"line":2},"3":{"loc":{"start":{"line":12,"column":9},"end":{"line":12,"column":162}},"type":"cond-expr","locations":[{"start":{"line":12,"column":47},"end":{"line":12,"column":60}},{"start":{"line":12,"column":63},"end":{"line":12,"column":162}}],"line":12},"4":{"loc":{"start":{"line":12,"column":63},"end":{"line":12,"column":162}},"type":"cond-expr","locations":[{"start":{"line":12,"column":94},"end":{"line":12,"column":103}},{"start":{"line":12,"column":105},"end":{"line":12,"column":162}}],"line":12},"5":{"loc":{"start":{"line":12,"column":105},"end":{"line":12,"column":162}},"type":"cond-expr","locations":[{"start":{"line":12,"column":139},"end":{"line":12,"column":148}},{"start":{"line":12,"column":150},"end":{"line":12,"column":162}}],"line":12},"6":{"loc":{"start":{"line":13,"column":13},"end":{"line":13,"column":116}},"type":"cond-expr","locations":[{"start":{"line":13,"column":51},"end":{"line":13,"column":58}},{"start":{"line":13,"column":60},"end":{"line":13,"column":116}}],"line":13},"7":{"loc":{"start":{"line":13,"column":60},"end":{"line":13,"column":116}},"type":"cond-expr","locations":[{"start":{"line":13,"column":97},"end":{"line":13,"column":106}},{"start":{"line":13,"column":109},"end":{"line":13,"column":116}}],"line":13},"8":{"loc":{"start":{"line":14,"column":15},"end":{"line":14,"column":64}},"type":"cond-expr","locations":[{"start":{"line":14,"column":52},"end":{"line":14,"column":56}},{"start":{"line":14,"column":59},"end":{"line":14,"column":64}}],"line":14}},"s":{"0":2,"1":2,"2":2,"3":2},"f":{},"b":{"0":[0,2],"1":[2,0],"2":[0,0],"3":[0,2],"4":[2,0],"5":[0,0],"6":[0,2],"7":[0,2],"8":[0,2]},"_coverageSchema":"1a1c01bbd47fc00a2c39e90264f33305004495a9","hash":"2b949345ef0b120acc4ab7322e1743c2b9778c29"}
,"D:\\Virtual\\Proyectos-Github\\nomades\\server\\models\\about.js": {"path":"D:\\Virtual\\Proyectos-Github\\nomades\\server\\models\\about.js","statementMap":{"0":{"start":{"line":4,"column":4},"end":{"line":30,"column":27}}},"fnMap":{"0":{"name":"(anonymous_0)","decl":{"start":{"line":3,"column":15},"end":{"line":3,"column":16}},"loc":{"start":{"line":3,"column":30},"end":{"line":31,"column":1}},"line":3}},"branchMap":{},"s":{"0":2},"f":{"0":2},"b":{},"_coverageSchema":"1a1c01bbd47fc00a2c39e90264f33305004495a9","hash":"e5f651cc3578619de819d66147410cae7fbcb3bb"}
,"D:\\Virtual\\Proyectos-Github\\nomades\\server\\models\\images.js": {"path":"D:\\Virtual\\Proyectos-Github\\nomades\\server\\models\\images.js","statementMap":{"0":{"start":{"line":4,"column":4},"end":{"line":14,"column":27}}},"fnMap":{"0":{"name":"(anonymous_0)","decl":{"start":{"line":3,"column":15},"end":{"line":3,"column":16}},"loc":{"start":{"line":3,"column":30},"end":{"line":15,"column":1}},"line":3}},"branchMap":{},"s":{"0":2},"f":{"0":2},"b":{},"_coverageSchema":"1a1c01bbd47fc00a2c39e90264f33305004495a9","hash":"fc37679da9cbd283d71e269b92169c660d05b81b"}
,"D:\\Virtual\\Proyectos-Github\\nomades\\server\\models\\item.js": {"path":"D:\\Virtual\\Proyectos-Github\\nomades\\server\\models\\item.js","statementMap":{"0":{"start":{"line":4,"column":4},"end":{"line":22,"column":27}}},"fnMap":{"0":{"name":"(anonymous_0)","decl":{"start":{"line":3,"column":15},"end":{"line":3,"column":16}},"loc":{"start":{"line":3,"column":30},"end":{"line":23,"column":1}},"line":3}},"branchMap":{},"s":{"0":2},"f":{"0":2},"b":{},"_coverageSchema":"1a1c01bbd47fc00a2c39e90264f33305004495a9","hash":"6634d19eb3741f2ffc89d439ed7f8ffcdc0d3d3e"}
,"D:\\Virtual\\Proyectos-Github\\nomades\\server\\models\\landing.js": {"path":"D:\\Virtual\\Proyectos-Github\\nomades\\server\\models\\landing.js","statementMap":{"0":{"start":{"line":4,"column":4},"end":{"line":30,"column":27}}},"fnMap":{"0":{"name":"(anonymous_0)","decl":{"start":{"line":3,"column":15},"end":{"line":3,"column":16}},"loc":{"start":{"line":3,"column":30},"end":{"line":31,"column":1}},"line":3}},"branchMap":{},"s":{"0":2},"f":{"0":2},"b":{},"_coverageSchema":"1a1c01bbd47fc00a2c39e90264f33305004495a9","hash":"70eac7b5e0f0034c73852b624938775103a43d69"}
,"D:\\Virtual\\Proyectos-Github\\nomades\\server\\models\\media.js": {"path":"D:\\Virtual\\Proyectos-Github\\nomades\\server\\models\\media.js","statementMap":{"0":{"start":{"line":4,"column":4},"end":{"line":30,"column":27}}},"fnMap":{"0":{"name":"(anonymous_0)","decl":{"start":{"line":3,"column":15},"end":{"line":3,"column":16}},"loc":{"start":{"line":3,"column":30},"end":{"line":31,"column":1}},"line":3}},"branchMap":{},"s":{"0":2},"f":{"0":2},"b":{},"_coverageSchema":"1a1c01bbd47fc00a2c39e90264f33305004495a9","hash":"cec566deea7675c82ee729f2aef3b641a585e504"}
,"D:\\Virtual\\Proyectos-Github\\nomades\\server\\models\\product.js": {"path":"D:\\Virtual\\Proyectos-Github\\nomades\\server\\models\\product.js","statementMap":{"0":{"start":{"line":4,"column":4},"end":{"line":26,"column":26}}},"fnMap":{"0":{"name":"(anonymous_0)","decl":{"start":{"line":3,"column":15},"end":{"line":3,"column":16}},"loc":{"start":{"line":3,"column":30},"end":{"line":27,"column":1}},"line":3}},"branchMap":{},"s":{"0":2},"f":{"0":2},"b":{},"_coverageSchema":"1a1c01bbd47fc00a2c39e90264f33305004495a9","hash":"9461f5124dd0220e08b7c01fea26eafae7f82000"}
,"D:\\Virtual\\Proyectos-Github\\nomades\\server\\models\\user.js": {"path":"D:\\Virtual\\Proyectos-Github\\nomades\\server\\models\\user.js","statementMap":{"0":{"start":{"line":4,"column":4},"end":{"line":30,"column":26}}},"fnMap":{"0":{"name":"(anonymous_0)","decl":{"start":{"line":3,"column":15},"end":{"line":3,"column":16}},"loc":{"start":{"line":3,"column":30},"end":{"line":31,"column":1}},"line":3}},"branchMap":{},"s":{"0":2},"f":{"0":2},"b":{},"_coverageSchema":"1a1c01bbd47fc00a2c39e90264f33305004495a9","hash":"5abf83f729175d1ec7f48a56b832a31ee76971ff"}
,"D:\\Virtual\\Proyectos-Github\\nomades\\server\\models\\work.js": {"path":"D:\\Virtual\\Proyectos-Github\\nomades\\server\\models\\work.js","statementMap":{"0":{"start":{"line":4,"column":4},"end":{"line":26,"column":27}}},"fnMap":{"0":{"name":"(anonymous_0)","decl":{"start":{"line":3,"column":15},"end":{"line":3,"column":16}},"loc":{"start":{"line":3,"column":30},"end":{"line":27,"column":1}},"line":3}},"branchMap":{},"s":{"0":2},"f":{"0":2},"b":{},"_coverageSchema":"1a1c01bbd47fc00a2c39e90264f33305004495a9","hash":"e44df4349863d7d23acce9407563bb014d185ece"}
}
